Watching for file changes with StatReloader
/app/backend/settings.py changed, reloading.
Watching for file changes with StatReloader
Watching for file changes with StatReloader
"POST /api/token/ HTTP/1.1" 200 489
"GET /api/profile/ HTTP/1.1" 200 292
"GET /api/profile/ HTTP/1.1" 200 292
"GET /api/recommend/ HTTP/1.1" 200 2340
"GET /api/regimen/ HTTP/1.1" 200 938
"OPTIONS /api/regimen/69/ HTTP/1.1" 200 0
"DELETE /api/regimen/69/ HTTP/1.1" 204 0
"OPTIONS /api/regimen/70/ HTTP/1.1" 200 0
"DELETE /api/regimen/70/ HTTP/1.1" 204 0
"POST /api/onboard/ HTTP/1.1" 200 174
"GET /api/profile/ HTTP/1.1" 200 298
"GET /api/recommend/ HTTP/1.1" 200 2461
"GET /api/regimen/ HTTP/1.1" 200 2
"POST /api/token/ HTTP/1.1" 200 489
"GET /api/profile/ HTTP/1.1" 200 298
"GET /api/profile/ HTTP/1.1" 200 298
"GET /api/recommend/ HTTP/1.1" 200 2461
"GET /api/regimen/ HTTP/1.1" 200 2
Watching for file changes with StatReloader
"OPTIONS /api/token/ HTTP/1.1" 200 0
"POST /api/token/ HTTP/1.1" 200 489
"OPTIONS /api/profile/ HTTP/1.1" 200 0
"GET /api/profile/ HTTP/1.1" 200 298
"GET /api/profile/ HTTP/1.1" 200 298
"OPTIONS /api/recommend/ HTTP/1.1" 200 0
"GET /api/recommend/ HTTP/1.1" 200 2461
"OPTIONS /api/regimen/ HTTP/1.1" 200 0
"GET /api/regimen/ HTTP/1.1" 200 2
Watching for file changes with StatReloader
"OPTIONS /api/token/ HTTP/1.1" 200 0
"POST /api/token/ HTTP/1.1" 200 489
"OPTIONS /api/profile/ HTTP/1.1" 200 0
"GET /api/profile/ HTTP/1.1" 200 298
"GET /api/profile/ HTTP/1.1" 200 298
"OPTIONS /api/recommend/ HTTP/1.1" 200 0
"GET /api/recommend/ HTTP/1.1" 200 2461
"OPTIONS /api/regimen/ HTTP/1.1" 200 0
"GET /api/regimen/ HTTP/1.1" 200 2
"GET /api/profile/ HTTP/1.1" 200 298
"OPTIONS /api/supplements/ HTTP/1.1" 200 0
"GET /api/supplements/ HTTP/1.1" 200 2248376
Watching for file changes with StatReloader
"POST /api/token/ HTTP/1.1" 200 489
"GET /api/profile/ HTTP/1.1" 200 298
"GET /api/profile/ HTTP/1.1" 200 298
"GET /api/recommend/ HTTP/1.1" 200 2461
"GET /api/regimen/ HTTP/1.1" 200 2
"GET /api/profile/ HTTP/1.1" 200 298
"GET /api/supplements/ HTTP/1.1" 200 2248376
"GET /api/profile/ HTTP/1.1" 200 298
"GET /api/recommend/ HTTP/1.1" 200 2461
"GET /api/regimen/ HTTP/1.1" 200 2
"GET /api/profile/ HTTP/1.1" 200 298
"GET /api/supplements/ HTTP/1.1" 200 2248376
"GET /api/profile/ HTTP/1.1" 200 298
"GET /api/recommend/ HTTP/1.1" 200 2461
"GET /api/regimen/ HTTP/1.1" 200 2
"GET /api/profile/ HTTP/1.1" 200 298
"GET /api/supplements/ HTTP/1.1" 200 2248376
"GET /api/profile/ HTTP/1.1" 200 298
"GET /api/recommend/ HTTP/1.1" 200 2461
"GET /api/regimen/ HTTP/1.1" 200 2
"POST /api/regimen/ HTTP/1.1" 201 381
"GET /api/profile/ HTTP/1.1" 200 298
"GET /api/supplements/ HTTP/1.1" 200 2248376
"GET /api/profile/ HTTP/1.1" 200 298
"GET /api/recommend/ HTTP/1.1" 200 2461
"GET /api/regimen/ HTTP/1.1" 200 383
"GET /api/profile/ HTTP/1.1" 200 298
"GET /api/supplements/ HTTP/1.1" 200 2248376
"GET /api/profile/ HTTP/1.1" 200 298
"GET /api/supplements/ HTTP/1.1" 200 2248376
"GET /api/profile/ HTTP/1.1" 200 298
"GET /api/recommend/ HTTP/1.1" 200 2461
"GET /api/regimen/ HTTP/1.1" 200 383
"GET /api/profile/ HTTP/1.1" 200 298
"GET /api/supplements/ HTTP/1.1" 200 2248376
"GET /api/profile/ HTTP/1.1" 200 298
"GET /api/recommend/ HTTP/1.1" 200 2461
"GET /api/regimen/ HTTP/1.1" 200 383
"GET /api/profile/ HTTP/1.1" 200 298
"GET /api/supplements/ HTTP/1.1" 200 2248376
